Traceback (most recent call last):
  File "/Users/kkagawa/localdoc/github/Class/.venv/lib/python3.13/site-packages/jupyter_core/utils/__init__.py", line 154, in wrapped
    asyncio.get_running_loop()
    ~~~~~~~~~~~~~~~~~~~~~~~~^^
RuntimeError: no running event loop

During handling of the above exception, another exception occurred:

Traceback (most recent call last):
  File "/Users/kkagawa/localdoc/github/Class/.venv/lib/python3.13/site-packages/jupyter_cache/executors/utils.py", line 58, in single_nb_execution
    executenb(
    ~~~~~~~~~^
        nb,
        ^^^
    ...<4 lines>...
        **kwargs,
        ^^^^^^^^^
    )
    ^
  File "/Users/kkagawa/localdoc/github/Class/.venv/lib/python3.13/site-packages/nbclient/client.py", line 1319, in execute
    return NotebookClient(nb=nb, resources=resources, km=km, **kwargs).execute()
           ~~~~~~~~~~~~~~~~~~~~~~~~~~~~~~~~~~~~~~~~~~~~~~~~~~~~~~~~~~~~~~~~~~~^^
  File "/Users/kkagawa/localdoc/github/Class/.venv/lib/python3.13/site-packages/jupyter_core/utils/__init__.py", line 158, in wrapped
    return loop.run_until_complete(inner)
           ~~~~~~~~~~~~~~~~~~~~~~~^^^^^^^
  File "/opt/homebrew/Cellar/python@3.13/3.13.2/Frameworks/Python.framework/Versions/3.13/lib/python3.13/asyncio/base_events.py", line 725, in run_until_complete
    return future.result()
           ~~~~~~~~~~~~~^^
  File "/Users/kkagawa/localdoc/github/Class/.venv/lib/python3.13/site-packages/nbclient/client.py", line 709, in async_execute
    await self.async_execute_cell(
        cell, index, execution_count=self.code_cells_executed + 1
    )
  File "/Users/kkagawa/localdoc/github/Class/.venv/lib/python3.13/site-packages/nbclient/client.py", line 1062, in async_execute_cell
    await self._check_raise_for_error(cell, cell_index, exec_reply)
  File "/Users/kkagawa/localdoc/github/Class/.venv/lib/python3.13/site-packages/nbclient/client.py", line 918, in _check_raise_for_error
    raise CellExecutionError.from_cell_and_msg(cell, exec_reply_content)
nbclient.exceptions.CellExecutionError: An error occurred while executing the following cell:
------------------
s = input("æ•´æ•°ã‚’å…¥åŠ›: ")# inputã§ã‚­ãƒ¼ãƒœãƒ¼ãƒ‰ã‹ã‚‰ã®å…¥åŠ›å€¤ã‚’å¤‰æ•°ã«ä»£å…¥ã™ã‚‹
try:
    n = int(s)
    if n % 2 == 0:
        print("å¶æ•°")
    else:
        print("å¥‡æ•°")
except ValueError:
    print("æ•´æ•°ã‚’å…¥åŠ›ã—ã¦ãã ã•ã„")
------------------


[31m---------------------------------------------------------------------------[39m
[31mStdinNotImplementedError[39m                  Traceback (most recent call last)
[36mCell[39m[36m [39m[32mIn[2][39m[32m, line 1[39m
[32m----> [39m[32m1[39m s = [38;5;28;43minput[39;49m[43m([49m[33;43m"[39;49m[33;43mæ•´æ•°ã‚’å…¥åŠ›: [39;49m[33;43m"[39;49m[43m)[49m[38;5;66;03m# inputã§ã‚­ãƒ¼ãƒœãƒ¼ãƒ‰ã‹ã‚‰ã®å…¥åŠ›å€¤ã‚’å¤‰æ•°ã«ä»£å…¥ã™ã‚‹[39;00m
[32m      2[39m [38;5;28;01mtry[39;00m:
[32m      3[39m     n = [38;5;28mint[39m(s)

[36mFile [39m[32m~/localdoc/github/Class/.venv/lib/python3.13/site-packages/ipykernel/kernelbase.py:1274[39m, in [36mKernel.raw_input[39m[34m(self, prompt)[39m
[32m   1272[39m [38;5;28;01mif[39;00m [38;5;129;01mnot[39;00m [38;5;28mself[39m._allow_stdin:
[32m   1273[39m     msg = [33m"[39m[33mraw_input was called, but this frontend does not support input requests.[39m[33m"[39m
[32m-> [39m[32m1274[39m     [38;5;28;01mraise[39;00m StdinNotImplementedError(msg)
[32m   1275[39m [38;5;28;01mreturn[39;00m [38;5;28mself[39m._input_request(
[32m   1276[39m     [38;5;28mstr[39m(prompt),
[32m   1277[39m     [38;5;28mself[39m._parent_ident[[33m"[39m[33mshell[39m[33m"[39m],
[32m   1278[39m     [38;5;28mself[39m.get_parent([33m"[39m[33mshell[39m[33m"[39m),
[32m   1279[39m     password=[38;5;28;01mFalse[39;00m,
[32m   1280[39m )

[31mStdinNotImplementedError[39m: raw_input was called, but this frontend does not support input requests.

